Using pre-set license
Built from '2020.3/staging' branch; Version is '2020.3.16f1 (049d6eca3c44) revision 302446'; Using compiler version '192528614'; Build Type 'Release'
OS: 'Windows 10 Enterprise; OS build 19042.1237; Version 2009; 64bit' Language: 'en' Physical Memory: 16230 MB
BatchMode: 1, IsHumanControllingUs: 0, StartBugReporterOnCrash: 0, Is64bit: 1, IsPro: 0

 COMMAND LINE ARGUMENTS:
C:\Program Files\Unity\Hub\Editor\2020.3.17f1\Editor\Unity.exe
-adb2
-batchMode
-noUpm
-name
AssetImportWorker0
-projectPath
C:/Users/esmith5/MyFirstGame/New Unity Project/New Unity Project
-logFile
Logs/AssetImportWorker0.log
-srvPort
50758
Successfully changed project path to: C:/Users/esmith5/MyFirstGame/New Unity Project/New Unity Project
C:/Users/esmith5/MyFirstGame/New Unity Project/New Unity Project
Using Asset Import Pipeline V2.
Refreshing native plugins compatible for Editor in 114.44 ms, found 2 plugins.
Preloading 0 native plugins for Editor in 0.00 ms.
Initialize engine version: 2020.3.16f1 (049d6eca3c44)
[Subsystems] Discovering subsystems at path C:/Program Files/Unity/Hub/Editor/2020.3.17f1/Editor/Data/Resources/UnitySubsystems
[Subsystems] Discovering subsystems at path C:/Users/esmith5/MyFirstGame/New Unity Project/New Unity Project/Assets
GfxDevice: creating device client; threaded=0
Direct3D:
    Version:  Direct3D 11.0 [level 11.1]
    Renderer: NVIDIA Quadro P2000 (ID=0x1cba)
    Vendor:   
    VRAM:     4018 MB
    Driver:   27.21.14.5296
Initialize mono
Mono path[0] = 'C:/Program Files/Unity/Hub/Editor/2020.3.17f1/Editor/Data/Managed'
Mono path[1] = 'C:/Program Files/Unity/Hub/Editor/2020.3.17f1/Editor/Data/MonoBleedingEdge/lib/mono/unityjit'
Mono config path = 'C:/Program Files/Unity/Hub/Editor/2020.3.17f1/Editor/Data/MonoBleedingEdge/etc'
Using monoOptions --debugger-agent=transport=dt_socket,embedding=1,server=y,suspend=n,address=127.0.0.1:56708
Begin MonoManager ReloadAssembly
Registering precompiled unity dll's ...
Register platform support module: C:/Program Files/Unity/Hub/Editor/2020.3.17f1/Editor/Data/PlaybackEngines/WindowsStandaloneSupport/UnityEditor.WindowsStandalone.Extensions.dll
Registered in 0.008448 seconds.
Native extension for WindowsStandalone target not found
Refreshing native plugins compatible for Editor in 102.91 ms, found 2 plugins.
Preloading 0 native plugins for Editor in 0.00 ms.
Mono: successfully reloaded assembly
- Completed reload, in  4.718 seconds
Domain Reload Profiling:
	ReloadAssembly (4719ms)
		BeginReloadAssembly (226ms)
			ExecutionOrderSort (0ms)
			DisableScriptedObjects (0ms)
			BackupInstance (0ms)
			ReleaseScriptingObjects (0ms)
			CreateAndSetChildDomain (2ms)
		EndReloadAssembly (1401ms)
			LoadAssemblies (217ms)
			RebuildTransferFunctionScriptingTraits (0ms)
			SetupTypeCache (542ms)
			ReleaseScriptCaches (0ms)
			RebuildScriptCaches (127ms)
			SetupLoadedEditorAssemblies (472ms)
				LogAssemblyErrors (0ms)
				InitializePlatformSupportModulesInManaged (15ms)
				SetLoadedEditorAssemblies (1ms)
				RefreshPlugins (103ms)
				BeforeProcessingInitializeOnLoad (56ms)
				ProcessInitializeOnLoadAttributes (251ms)
				ProcessInitializeOnLoadMethodAttributes (45ms)
				AfterProcessingInitializeOnLoad (0ms)
				EditorAssembliesLoaded (0ms)
			ExecutionOrderSort2 (0ms)
			AwakeInstancesAfterBackupRestoration (0ms)
Platform modules already initialized, skipping
Registering precompiled user dll's ...
Registered in 0.012383 seconds.
Begin MonoManager ReloadAssembly
Native extension for WindowsStandalone target not found
Refreshing native plugins compatible for Editor in 1.05 ms, found 2 plugins.
Preloading 0 native plugins for Editor in 0.00 ms.
Mono: successfully reloaded assembly
- Completed reload, in  4.463 seconds
Domain Reload Profiling:
	ReloadAssembly (4466ms)
		BeginReloadAssembly (523ms)
			ExecutionOrderSort (0ms)
			DisableScriptedObjects (16ms)
			BackupInstance (0ms)
			ReleaseScriptingObjects (0ms)
			CreateAndSetChildDomain (49ms)
		EndReloadAssembly (3648ms)
			LoadAssemblies (352ms)
			RebuildTransferFunctionScriptingTraits (0ms)
			SetupTypeCache (1169ms)
			ReleaseScriptCaches (1ms)
			RebuildScriptCaches (186ms)
			SetupLoadedEditorAssemblies (1470ms)
				LogAssemblyErrors (0ms)
				InitializePlatformSupportModulesInManaged (19ms)
				SetLoadedEditorAssemblies (2ms)
				RefreshPlugins (1ms)
				BeforeProcessingInitializeOnLoad (333ms)
				ProcessInitializeOnLoadAttributes (1062ms)
				ProcessInitializeOnLoadMethodAttributes (20ms)
				AfterProcessingInitializeOnLoad (33ms)
				EditorAssembliesLoaded (1ms)
			ExecutionOrderSort2 (0ms)
			AwakeInstancesAfterBackupRestoration (29ms)
Platform modules already initialized, skipping
========================================================================
Worker process is ready to serve import requests
Launched and connected shader compiler UnityShaderCompiler.exe after 0.19 seconds
Refreshing native plugins compatible for Editor in 1.24 ms, found 2 plugins.
Preloading 0 native plugins for Editor in 0.00 ms.
Unloading 1399 Unused Serialized files (Serialized files now loaded: 0)
System memory in use before: 65.0 MB.
System memory in use after: 65.1 MB.

Unloading 18 unused Assets to reduce memory usage. Loaded Objects now: 1833.
Total: 9.377800 ms (FindLiveObjects: 0.399100 ms CreateObjectMapping: 0.119800 ms MarkObjects: 8.634600 ms  DeleteObjects: 0.221000 ms)

AssetImportParameters requested are different than current active one (requested -> active):
  custom:framework-win-MediaFoundation: 216162199b28c13a410421893ffa2e32 -> 
  custom:video-decoder-ogg-theora: a1e56fd34408186e4bbccfd4996cb3dc -> 
  custom:container-muxer-webm: aa71ff27fc2769a1b78a27578f13a17b -> 
  custom:container-demuxer-webm: 4f35f7cbe854078d1ac9338744f61a02 -> 
  custom:container-demuxer-ogg: 62fdf1f143b41e24485cea50d1cbac27 -> 
  custom:video-encoder-webm-vp8: eb34c28f22e8b96e1ab97ce403110664 -> 
  custom:video-decoder-webm-vp8: 9c59270c3fd7afecdb556c50c9e8de78 -> 
  custom:audio-decoder-ogg-vorbis: bf7c407c2cedff20999df2af8eb42d56 -> 
  custom:audio-encoder-webm-vorbis: bf7c407c2cedff20999df2af8eb42d56 -> 
========================================================================
Received Import Request.
  path: Assets/sourceandtexture/textures/grass_01 1.png
  artifactKey: Guid(7652dfee603cee14cb40652ff6c9fb36) Importer(815301076,1909f56bfc062723c751e8b465ee728b)
Start importing Assets/sourceandtexture/textures/grass_01 1.png using Guid(7652dfee603cee14cb40652ff6c9fb36) Importer(815301076,1909f56bfc062723c751e8b465ee728b)  -> (artifact id: '0c6e2dc381de307aff5c9c0fd59fb9e3') in 0.379677 seconds 
  Import took 0.391723 seconds .

========================================================================
Received Import Request.
  Time since last request: 0.001343 seconds.
  path: Assets/sourceandtexture/textures/grass_01.png
  artifactKey: Guid(e63caea1084417d499bf5a182fad9b6b) Importer(815301076,1909f56bfc062723c751e8b465ee728b)
Start importing Assets/sourceandtexture/textures/grass_01.png using Guid(e63caea1084417d499bf5a182fad9b6b) Importer(815301076,1909f56bfc062723c751e8b465ee728b)  -> (artifact id: 'b6145259ec1bc5a9ad16d196e00aa06b') in 0.054482 seconds 
  Import took 0.071594 seconds .

========================================================================
Received Import Request.
  Time since last request: 301.570535 seconds.
  path: Assets/sourceandtexture/textures/grass_01 1.png
  artifactKey: Guid(7652dfee603cee14cb40652ff6c9fb36) Importer(815301076,1909f56bfc062723c751e8b465ee728b)
Start importing Assets/sourceandtexture/textures/grass_01 1.png using Guid(7652dfee603cee14cb40652ff6c9fb36) Importer(815301076,1909f56bfc062723c751e8b465ee728b)  -> (artifact id: 'ed64f2706ba356900c6c7f92815e6fca') in 0.057310 seconds 
  Import took 0.062026 seconds .

========================================================================
Received Import Request.
  Time since last request: 0.000563 seconds.
  path: Assets/sourceandtexture/textures/oakbark.png
  artifactKey: Guid(1dae54c96e6bb9047b57df1645f163f3) Importer(815301076,1909f56bfc062723c751e8b465ee728b)
Start importing Assets/sourceandtexture/textures/oakbark.png using Guid(1dae54c96e6bb9047b57df1645f163f3) Importer(815301076,1909f56bfc062723c751e8b465ee728b)  -> (artifact id: '721be02864251bbaf31a5274f1be3d2f') in 0.035101 seconds 
  Import took 0.038880 seconds .

========================================================================
Received Import Request.
  Time since last request: 9607.978226 seconds.
  path: Assets/sourceandtexture/textures/WeatheredWood2_S.jpg
  artifactKey: Guid(ab81fa4e871585a4b993b1632f8d2368) Importer(815301076,1909f56bfc062723c751e8b465ee728b)
Start importing Assets/sourceandtexture/textures/WeatheredWood2_S.jpg using Guid(ab81fa4e871585a4b993b1632f8d2368) Importer(815301076,1909f56bfc062723c751e8b465ee728b)  -> (artifact id: 'b41c775c720aaa8b5fea9922e8a2acf5') in 0.021565 seconds 
  Import took 0.024431 seconds .

========================================================================
Received Import Request.
  Time since last request: 1957.548110 seconds.
  path: Assets/sourceandtexture/textures/WeedsAndGrassC_S.jpg
  artifactKey: Guid(9216e650a39bb004d97ce2c68f835d28) Importer(815301076,1909f56bfc062723c751e8b465ee728b)
Start importing Assets/sourceandtexture/textures/WeedsAndGrassC_S.jpg using Guid(9216e650a39bb004d97ce2c68f835d28) Importer(815301076,1909f56bfc062723c751e8b465ee728b)  -> (artifact id: 'f15379e1fd6dd26ca9b635bfb545cbd0') in 0.018263 seconds 
  Import took 0.021238 seconds .

========================================================================
Received Import Request.
  Time since last request: 2401.590638 seconds.
  path: Assets/Models/House.mat
  artifactKey: Guid(ffed404722b4830448ba16ff3dc014e9) Importer(815301076,1909f56bfc062723c751e8b465ee728b)
Start importing Assets/Models/House.mat using Guid(ffed404722b4830448ba16ff3dc014e9) Importer(815301076,1909f56bfc062723c751e8b465ee728b)  -> (artifact id: '489b393fe60d0053b8187ae50f7f1f41') in 0.060071 seconds 
  Import took 0.063001 seconds .

========================================================================
Received Import Request.
  Time since last request: 128.847766 seconds.
  path: Assets/sourceandtexture/textures/WeatheredWood2_S.jpg
  artifactKey: Guid(ab81fa4e871585a4b993b1632f8d2368) Importer(815301076,1909f56bfc062723c751e8b465ee728b)
Start importing Assets/sourceandtexture/textures/WeatheredWood2_S.jpg using Guid(ab81fa4e871585a4b993b1632f8d2368) Importer(815301076,1909f56bfc062723c751e8b465ee728b)  -> (artifact id: '6bdc6fbb8677a0eddbbf17fbb67c8aca') in 0.013234 seconds 
  Import took 0.015674 seconds .

========================================================================
Received Import Request.
  Time since last request: 0.000291 seconds.
  path: Assets/sourceandtexture/textures/WeedsAndGrassC_S.jpg
  artifactKey: Guid(9216e650a39bb004d97ce2c68f835d28) Importer(815301076,1909f56bfc062723c751e8b465ee728b)
Start importing Assets/sourceandtexture/textures/WeedsAndGrassC_S.jpg using Guid(9216e650a39bb004d97ce2c68f835d28) Importer(815301076,1909f56bfc062723c751e8b465ee728b)  -> (artifact id: 'fe81114324c8a489c3168e89d2db0a47') in 0.009603 seconds 
  Import took 0.011894 seconds .

========================================================================
Received Import Request.
  Time since last request: 102.988982 seconds.
  path: Assets/sourceandtexture/textures/Rock_Texture 1.jpg
  artifactKey: Guid(041fb8865aed1a441bff6fa28f13290a) Importer(815301076,1909f56bfc062723c751e8b465ee728b)
Start importing Assets/sourceandtexture/textures/Rock_Texture 1.jpg using Guid(041fb8865aed1a441bff6fa28f13290a) Importer(815301076,1909f56bfc062723c751e8b465ee728b)  -> (artifact id: '7a3a074e253be790109540516b77f3d7') in 0.008505 seconds 
  Import took 0.011579 seconds .

========================================================================
Received Import Request.
  Time since last request: 0.000348 seconds.
  path: Assets/sourceandtexture/textures/Rock_Texture.jpg
  artifactKey: Guid(6976569f400478344af7c8f78af7ffc4) Importer(815301076,1909f56bfc062723c751e8b465ee728b)
Start importing Assets/sourceandtexture/textures/Rock_Texture.jpg using Guid(6976569f400478344af7c8f78af7ffc4) Importer(815301076,1909f56bfc062723c751e8b465ee728b)  -> (artifact id: '20517ff02127ad3469d466169bf1e5e3') in 0.012772 seconds 
  Import took 0.015637 seconds .

========================================================================
Received Import Request.
  Time since last request: 225.575559 seconds.
  path: Assets/sourceandtexture/textures/Rock_Texture.jpg
  artifactKey: Guid(6976569f400478344af7c8f78af7ffc4) Importer(815301076,1909f56bfc062723c751e8b465ee728b)
Start importing Assets/sourceandtexture/textures/Rock_Texture.jpg using Guid(6976569f400478344af7c8f78af7ffc4) Importer(815301076,1909f56bfc062723c751e8b465ee728b)  -> (artifact id: '06c3a9db6d1f8fc5944d1c76a1d8442d') in 0.010656 seconds 
  Import took 0.013339 seconds .

========================================================================
Received Import Request.
  Time since last request: 396.607920 seconds.
  path: Assets/sourceandtexture/textures/MulticolorBrickWallC_S.jpg
  artifactKey: Guid(7badccd18e9598c45a728bb7d9a3e2dc) Importer(815301076,1909f56bfc062723c751e8b465ee728b)
Start importing Assets/sourceandtexture/textures/MulticolorBrickWallC_S.jpg using Guid(7badccd18e9598c45a728bb7d9a3e2dc) Importer(815301076,1909f56bfc062723c751e8b465ee728b)  -> (artifact id: 'a276c5ca967483ce47f8351a65eb8c4e') in 0.009965 seconds 
  Import took 0.012613 seconds .

========================================================================
Received Import Request.
  Time since last request: 46.839156 seconds.
  path: Assets/sourceandtexture/WeedsAndGrassC_S.jpg
  artifactKey: Guid(9f4d3b52a04a9474998fee64cc9ac378) Importer(815301076,1909f56bfc062723c751e8b465ee728b)
Start importing Assets/sourceandtexture/WeedsAndGrassC_S.jpg using Guid(9f4d3b52a04a9474998fee64cc9ac378) Importer(815301076,1909f56bfc062723c751e8b465ee728b)  -> (artifact id: 'cb552fd00f0b9f1866ab877465c16117') in 0.009826 seconds 
  Import took 0.013179 seconds .

========================================================================
Received Import Request.
  Time since last request: 131.016749 seconds.
  path: Assets/sourceandtexture/Materials/ground_grass_gen_05.mat
  artifactKey: Guid(56a4690e83710a043b55bc2ba58e5b35) Importer(815301076,1909f56bfc062723c751e8b465ee728b)
Start importing Assets/sourceandtexture/Materials/ground_grass_gen_05.mat using Guid(56a4690e83710a043b55bc2ba58e5b35) Importer(815301076,1909f56bfc062723c751e8b465ee728b)  -> (artifact id: 'ae4f445366ca48552977415a85e5a5fd') in 0.012830 seconds 
  Import took 0.015775 seconds .

========================================================================
Received Import Request.
  Time since last request: 4.668430 seconds.
  path: Assets/sourceandtexture/Materials
  artifactKey: Guid(aa52b7efa3eea6c488221a7075ba5d45) Importer(815301076,1909f56bfc062723c751e8b465ee728b)
Start importing Assets/sourceandtexture/Materials using Guid(aa52b7efa3eea6c488221a7075ba5d45) Importer(815301076,1909f56bfc062723c751e8b465ee728b)  -> (artifact id: '769e5d2e426f48e3bab7a1b34abbe2c0') in 0.003978 seconds 
  Import took 0.007690 seconds .

========================================================================
Received Import Request.
  Time since last request: 57.474381 seconds.
  path: Assets/sourceandtexture/Materials/chimney.mat
  artifactKey: Guid(ec7ee2b6fd747054c9f2d83638ede0ce) Importer(815301076,1909f56bfc062723c751e8b465ee728b)
Start importing Assets/sourceandtexture/Materials/chimney.mat using Guid(ec7ee2b6fd747054c9f2d83638ede0ce) Importer(815301076,1909f56bfc062723c751e8b465ee728b)  -> (artifact id: '5429193d234363994459c59f047e9e18') in 0.010622 seconds 
  Import took 0.014246 seconds .

========================================================================
Received Import Request.
  Time since last request: 325.319086 seconds.
  path: Assets/sourceandtexture/textures/stone_chimney.png
  artifactKey: Guid(99dbc50d8508be84c887e7e7c12e21b8) Importer(815301076,1909f56bfc062723c751e8b465ee728b)
Start importing Assets/sourceandtexture/textures/stone_chimney.png using Guid(99dbc50d8508be84c887e7e7c12e21b8) Importer(815301076,1909f56bfc062723c751e8b465ee728b)  -> (artifact id: '616597bc3020f74b613fe805fe6552ad') in 0.013521 seconds 
  Import took 0.016155 seconds .

========================================================================
Received Import Request.
  Time since last request: 120.017249 seconds.
  path: Assets/sourceandtexture/textures/stone_chimney.png
  artifactKey: Guid(99dbc50d8508be84c887e7e7c12e21b8) Importer(815301076,1909f56bfc062723c751e8b465ee728b)
Start importing Assets/sourceandtexture/textures/stone_chimney.png using Guid(99dbc50d8508be84c887e7e7c12e21b8) Importer(815301076,1909f56bfc062723c751e8b465ee728b)  -> (artifact id: 'c6ffa8fa341fdce07c115e8c741d3208') in 0.009841 seconds 
  Import took 0.012474 seconds .

========================================================================
Received Import Request.
  Time since last request: 167.200359 seconds.
  path: Assets/sourceandtexture/textures/Mossy_Rock.jpg
  artifactKey: Guid(07733ba096efef94795ac325ae0507e6) Importer(815301076,1909f56bfc062723c751e8b465ee728b)
Start importing Assets/sourceandtexture/textures/Mossy_Rock.jpg using Guid(07733ba096efef94795ac325ae0507e6) Importer(815301076,1909f56bfc062723c751e8b465ee728b)  -> (artifact id: 'a4bcc780722e22b28802491f1527e351') in 0.008084 seconds 
  Import took 0.010997 seconds .

========================================================================
Received Import Request.
  Time since last request: 63.886179 seconds.
  path: Assets/sourceandtexture/textures/Mossy_Rock.jpg
  artifactKey: Guid(07733ba096efef94795ac325ae0507e6) Importer(815301076,1909f56bfc062723c751e8b465ee728b)
Start importing Assets/sourceandtexture/textures/Mossy_Rock.jpg using Guid(07733ba096efef94795ac325ae0507e6) Importer(815301076,1909f56bfc062723c751e8b465ee728b)  -> (artifact id: '34e0aa01b4a3cca4119d2b98facd6411') in 0.009470 seconds 
  Import took 0.012056 seconds .

========================================================================
Received Import Request.
  Time since last request: 28785.125045 seconds.
  path: Assets/Script/MenuScript.cs
  artifactKey: Guid(f903c8bf1d2fe044b88ae53351973e87) Importer(815301076,1909f56bfc062723c751e8b465ee728b)
Start importing Assets/Script/MenuScript.cs using Guid(f903c8bf1d2fe044b88ae53351973e87) Importer(815301076,1909f56bfc062723c751e8b465ee728b)  -> (artifact id: 'f0bf450ca12a87aa8d30765eecf394ca') in 0.021874 seconds 
  Import took 0.024911 seconds .

========================================================================
Received Import Request.
  Time since last request: 241.157715 seconds.
  path: Assets/Scene/Scene.unity
  artifactKey: Guid(d1c01ebb9c7ce564aac5253363e0122f) Importer(815301076,1909f56bfc062723c751e8b465ee728b)
Start importing Assets/Scene/Scene.unity using Guid(d1c01ebb9c7ce564aac5253363e0122f) Importer(815301076,1909f56bfc062723c751e8b465ee728b)  -> (artifact id: '11f5ee1677607e41e189089f6395f924') in 0.004124 seconds 
  Import took 0.007156 seconds .

========================================================================
Received Import Request.
  Time since last request: 1011.264303 seconds.
  path: Assets/stone_chimney - Copy.png
  artifactKey: Guid(c7ce267ca3157f947b3d72c3eb1400e4) Importer(815301076,1909f56bfc062723c751e8b465ee728b)
Start importing Assets/stone_chimney - Copy.png using Guid(c7ce267ca3157f947b3d72c3eb1400e4) Importer(815301076,1909f56bfc062723c751e8b465ee728b)  -> (artifact id: '570948b9727d2a1a0181c47d1e36caed') in 0.027752 seconds 
  Import took 0.030671 seconds .

========================================================================
Received Import Request.
  Time since last request: 11.234633 seconds.
  path: Assets/Scene.unity
  artifactKey: Guid(7b0bdd5366dfcac4e9674fcd8fe389da) Importer(815301076,1909f56bfc062723c751e8b465ee728b)
Start importing Assets/Scene.unity using Guid(7b0bdd5366dfcac4e9674fcd8fe389da) Importer(815301076,1909f56bfc062723c751e8b465ee728b)  -> (artifact id: 'f3efcb5c366c6a239b78c8fdc016d728') in 0.004574 seconds 
  Import took 0.015636 seconds .

========================================================================
Received Import Request.
  Time since last request: 467.557137 seconds.
  path: Assets/background.png
  artifactKey: Guid(8ce35b95d93b00544bfb11ac0359433b) Importer(815301076,1909f56bfc062723c751e8b465ee728b)
Start importing Assets/background.png using Guid(8ce35b95d93b00544bfb11ac0359433b) Importer(815301076,1909f56bfc062723c751e8b465ee728b)  -> (artifact id: '0480076533f1b97b2df65086b7954890') in 0.010386 seconds 
  Import took 0.013262 seconds .

========================================================================
Received Prepare
Registering precompiled user dll's ...
Registered in 0.011827 seconds.
Begin MonoManager ReloadAssembly
Native extension for WindowsStandalone target not found
Refreshing native plugins compatible for Editor in 0.38 ms, found 2 plugins.
Preloading 0 native plugins for Editor in 0.00 ms.
Mono: successfully reloaded assembly
- Completed reload, in  1.213 seconds
Domain Reload Profiling:
	ReloadAssembly (1214ms)
		BeginReloadAssembly (176ms)
			ExecutionOrderSort (0ms)
			DisableScriptedObjects (7ms)
			BackupInstance (0ms)
			ReleaseScriptingObjects (0ms)
			CreateAndSetChildDomain (65ms)
		EndReloadAssembly (967ms)
			LoadAssemblies (119ms)
			RebuildTransferFunctionScriptingTraits (0ms)
			SetupTypeCache (321ms)
			ReleaseScriptCaches (1ms)
			RebuildScriptCaches (52ms)
			SetupLoadedEditorAssemblies (379ms)
				LogAssemblyErrors (0ms)
				InitializePlatformSupportModulesInManaged (5ms)
				SetLoadedEditorAssemblies (0ms)
				RefreshPlugins (1ms)
				BeforeProcessingInitializeOnLoad (75ms)
				ProcessInitializeOnLoadAttributes (286ms)
				ProcessInitializeOnLoadMethodAttributes (4ms)
				AfterProcessingInitializeOnLoad (7ms)
				EditorAssembliesLoaded (0ms)
			ExecutionOrderSort2 (0ms)
			AwakeInstancesAfterBackupRestoration (7ms)
Platform modules already initialized, skipping
Refreshing native plugins compatible for Editor in 0.31 ms, found 2 plugins.
Preloading 0 native plugins for Editor in 0.00 ms.
Unloading 1393 Unused Serialized files (Serialized files now loaded: 0)
System memory in use before: 68.2 MB.
System memory in use after: 68.3 MB.

Unloading 13 unused Assets to reduce memory usage. Loaded Objects now: 1879.
Total: 2.896900 ms (FindLiveObjects: 0.190700 ms CreateObjectMapping: 0.059900 ms MarkObjects: 2.620800 ms  DeleteObjects: 0.021700 ms)

AssetImportParameters requested are different than current active one (requested -> active):
  custom:framework-win-MediaFoundation: 216162199b28c13a410421893ffa2e32 -> 
  custom:video-decoder-ogg-theora: a1e56fd34408186e4bbccfd4996cb3dc -> 
  custom:container-muxer-webm: aa71ff27fc2769a1b78a27578f13a17b -> 
  custom:container-demuxer-webm: 4f35f7cbe854078d1ac9338744f61a02 -> 
  custom:container-demuxer-ogg: 62fdf1f143b41e24485cea50d1cbac27 -> 
  custom:video-encoder-webm-vp8: eb34c28f22e8b96e1ab97ce403110664 -> 
  custom:video-decoder-webm-vp8: 9c59270c3fd7afecdb556c50c9e8de78 -> 
  custom:audio-decoder-ogg-vorbis: bf7c407c2cedff20999df2af8eb42d56 -> 
  custom:audio-encoder-webm-vorbis: bf7c407c2cedff20999df2af8eb42d56 -> 
========================================================================
Received Prepare
Registering precompiled user dll's ...
Registered in 0.009793 seconds.
Begin MonoManager ReloadAssembly
Native extension for WindowsStandalone target not found
Refreshing native plugins compatible for Editor in 0.33 ms, found 2 plugins.
Preloading 0 native plugins for Editor in 0.00 ms.
Mono: successfully reloaded assembly
- Completed reload, in  0.942 seconds
Domain Reload Profiling:
	ReloadAssembly (943ms)
		BeginReloadAssembly (105ms)
			ExecutionOrderSort (0ms)
			DisableScriptedObjects (4ms)
			BackupInstance (0ms)
			ReleaseScriptingObjects (0ms)
			CreateAndSetChildDomain (32ms)
		EndReloadAssembly (778ms)
			LoadAssemblies (84ms)
			RebuildTransferFunctionScriptingTraits (0ms)
			SetupTypeCache (237ms)
			ReleaseScriptCaches (1ms)
			RebuildScriptCaches (37ms)
			SetupLoadedEditorAssemblies (333ms)
				LogAssemblyErrors (0ms)
				InitializePlatformSupportModulesInManaged (7ms)
				SetLoadedEditorAssemblies (0ms)
				RefreshPlugins (0ms)
				BeforeProcessingInitializeOnLoad (68ms)
				ProcessInitializeOnLoadAttributes (247ms)
				ProcessInitializeOnLoadMethodAttributes (4ms)
				AfterProcessingInitializeOnLoad (7ms)
				EditorAssembliesLoaded (0ms)
			ExecutionOrderSort2 (0ms)
			AwakeInstancesAfterBackupRestoration (6ms)
Platform modules already initialized, skipping
Refreshing native plugins compatible for Editor in 0.30 ms, found 2 plugins.
Preloading 0 native plugins for Editor in 0.00 ms.
Unloading 1393 Unused Serialized files (Serialized files now loaded: 0)
System memory in use before: 68.3 MB.
System memory in use after: 68.4 MB.

Unloading 13 unused Assets to reduce memory usage. Loaded Objects now: 1881.
Total: 2.627300 ms (FindLiveObjects: 0.127600 ms CreateObjectMapping: 0.036700 ms MarkObjects: 2.442900 ms  DeleteObjects: 0.018800 ms)

AssetImportParameters requested are different than current active one (requested -> active):
  custom:framework-win-MediaFoundation: 216162199b28c13a410421893ffa2e32 -> 
  custom:video-decoder-ogg-theora: a1e56fd34408186e4bbccfd4996cb3dc -> 
  custom:container-muxer-webm: aa71ff27fc2769a1b78a27578f13a17b -> 
  custom:container-demuxer-webm: 4f35f7cbe854078d1ac9338744f61a02 -> 
  custom:container-demuxer-ogg: 62fdf1f143b41e24485cea50d1cbac27 -> 
  custom:video-encoder-webm-vp8: eb34c28f22e8b96e1ab97ce403110664 -> 
  custom:video-decoder-webm-vp8: 9c59270c3fd7afecdb556c50c9e8de78 -> 
  custom:audio-decoder-ogg-vorbis: bf7c407c2cedff20999df2af8eb42d56 -> 
  custom:audio-encoder-webm-vorbis: bf7c407c2cedff20999df2af8eb42d56 -> 
========================================================================
Received Import Request.
  Time since last request: 1373.874674 seconds.
  path: Assets/background.png
  artifactKey: Guid(8ce35b95d93b00544bfb11ac0359433b) Importer(815301076,1909f56bfc062723c751e8b465ee728b)
Start importing Assets/background.png using Guid(8ce35b95d93b00544bfb11ac0359433b) Importer(815301076,1909f56bfc062723c751e8b465ee728b)  -> (artifact id: '2ab0d4b08a967ddd79977717cee21aa8') in 0.066176 seconds 
  Import took 0.068895 seconds .

